1590756412406	mozrunner::runner	INFO	Running command: "C:\\Program Files\\Mozilla Firefox\\firefox.exe" "-marionette" "-foreground" "-no-remote" "-profile" "C:\\Users\\noname\\AppData\\Local\\Temp\\rust_mozprofilePTN1R8"
1590756412729	addons.webextension.doh-rollout@mozilla.org	WARN	Loading extension 'doh-rollout@mozilla.org': Reading manifest: Invalid extension permission: networkStatus
1590756413008	addons.webextension.screenshots@mozilla.org	WARN	Loading extension 'screenshots@mozilla.org': Reading manifest: Invalid extension permission: mozillaAddons
1590756413008	addons.webextension.screenshots@mozilla.org	WARN	Loading extension 'screenshots@mozilla.org': Reading manifest: Invalid extension permission: telemetry
1590756413009	addons.webextension.screenshots@mozilla.org	WARN	Loading extension 'screenshots@mozilla.org': Reading manifest: Invalid extension permission: resource://pdf.js/
1590756413009	addons.webextension.screenshots@mozilla.org	WARN	Loading extension 'screenshots@mozilla.org': Reading manifest: Invalid extension permission: about:reader*
JavaScript error: resource://gre/modules/XULStore.jsm, line 66: Error: Can't find profile directory.
1590756414951	Marionette	INFO	Listening on port 50409
1590756415014	Marionette	WARN	TLS certificate errors will be ignored for this session
JavaScript warning: https://assets.alicdn.com/g/secdev/sufei_data/3.9.0/index.js, line 1: WebGL context was lost.
JavaScript warning: https://g.alicdn.com/AWSC/WebUMID/1.80.0/um.js, line 1: WebGL context was lost.
JavaScript warning: https://assets.alicdn.com/g/secdev/nsv/1.0.76/ns_e_86_3_n.js, line 2: WebGL context was lost.
1590756463858	Marionette	INFO	Stopped listening on port 50409

###!!! [Child][RunMessage] Error: Channel closing: too late to send/recv, messages will be lost


###!!! [Child][MessageChannel::SendAndWait] Error: Channel error: cannot send/recv

1590756685226	mozrunner::runner	INFO	Running command: "C:\\Program Files\\Mozilla Firefox\\firefox.exe" "-marionette" "-foreground" "-no-remote" "-profile" "C:\\Users\\noname\\AppData\\Local\\Temp\\rust_mozprofileyQgWf1"
1590756685476	addons.webextension.doh-rollout@mozilla.org	WARN	Loading extension 'doh-rollout@mozilla.org': Reading manifest: Invalid extension permission: networkStatus
1590756685780	addons.webextension.screenshots@mozilla.org	WARN	Loading extension 'screenshots@mozilla.org': Reading manifest: Invalid extension permission: mozillaAddons
1590756685780	addons.webextension.screenshots@mozilla.org	WARN	Loading extension 'screenshots@mozilla.org': Reading manifest: Invalid extension permission: telemetry
1590756685780	addons.webextension.screenshots@mozilla.org	WARN	Loading extension 'screenshots@mozilla.org': Reading manifest: Invalid extension permission: resource://pdf.js/
1590756685780	addons.webextension.screenshots@mozilla.org	WARN	Loading extension 'screenshots@mozilla.org': Reading manifest: Invalid extension permission: about:reader*
JavaScript error: resource://gre/modules/XULStore.jsm, line 66: Error: Can't find profile directory.
1590756687806	Marionette	INFO	Listening on port 50077
1590756687839	Marionette	WARN	TLS certificate errors will be ignored for this session
JavaScript warning: https://assets.alicdn.com/g/secdev/sufei_data/3.9.0/index.js, line 1: WebGL context was lost.
JavaScript warning: https://assets.alicdn.com/g/secdev/nsv/1.0.76/ns_e_86_3_n.js, line 2: WebGL context was lost.
JavaScript warning: https://g.alicdn.com/AWSC/WebUMID/1.80.0/um.js, line 1: WebGL context was lost.
1590756708212	mozrunner::runner	INFO	Running command: "C:\\Program Files\\Mozilla Firefox\\firefox.exe" "-marionette" "-foreground" "-no-remote" "-profile" "C:\\Users\\noname\\AppData\\Local\\Temp\\rust_mozprofileegZVVa"
1590756708472	addons.webextension.doh-rollout@mozilla.org	WARN	Loading extension 'doh-rollout@mozilla.org': Reading manifest: Invalid extension permission: networkStatus
1590756708745	addons.webextension.screenshots@mozilla.org	WARN	Loading extension 'screenshots@mozilla.org': Reading manifest: Invalid extension permission: mozillaAddons
1590756708745	addons.webextension.screenshots@mozilla.org	WARN	Loading extension 'screenshots@mozilla.org': Reading manifest: Invalid extension permission: telemetry
1590756708745	addons.webextension.screenshots@mozilla.org	WARN	Loading extension 'screenshots@mozilla.org': Reading manifest: Invalid extension permission: resource://pdf.js/
1590756708745	addons.webextension.screenshots@mozilla.org	WARN	Loading extension 'screenshots@mozilla.org': Reading manifest: Invalid extension permission: about:reader*
JavaScript error: resource://gre/modules/XULStore.jsm, line 66: Error: Can't find profile directory.
1590756710520	Marionette	INFO	Listening on port 50191
1590756710819	Marionette	WARN	TLS certificate errors will be ignored for this session
JavaScript warning: https://assets.alicdn.com/g/secdev/sufei_data/3.9.0/index.js, line 1: WebGL context was lost.
JavaScript warning: https://assets.alicdn.com/g/secdev/nsv/1.0.76/ns_e_86_3_n.js, line 2: WebGL context was lost.
JavaScript warning: https://g.alicdn.com/AWSC/WebUMID/1.80.0/um.js, line 1: WebGL context was lost.
JavaScript warning: https://g.alicdn.com/AWSC/WebUMID/1.80.0/um.js, line 1: WebGL context was lost.
JavaScript warning: https://assets.alicdn.com/g/secdev/sufei_data/3.9.0/index.js, line 1: WebGL context was lost.
JavaScript warning: https://assets.alicdn.com/g/secdev/nsv/1.0.76/ns_e_86_3_n.js, line 2: WebGL context was lost.
JavaScript warning: https://g.alicdn.com/AWSC/WebUMID/1.80.0/um.js, line 1: WebGL context was lost.
JavaScript error: https://www.lazada.com/static/js/base.js, line 20: ReferenceError: lozad is not defined
JavaScript warning: https://g.alicdn.com/AWSC/WebUMID/1.80.0/um.js, line 1: WebGL context was lost.
1590756772433	mozrunner::runner	INFO	Running command: "C:\\Program Files\\Mozilla Firefox\\firefox.exe" "-marionette" "-foreground" "-no-remote" "-profile" "C:\\Users\\noname\\AppData\\Local\\Temp\\rust_mozprofileXP9RQj"
1590756772684	addons.webextension.doh-rollout@mozilla.org	WARN	Loading extension 'doh-rollout@mozilla.org': Reading manifest: Invalid extension permission: networkStatus
1590756772963	addons.webextension.screenshots@mozilla.org	WARN	Loading extension 'screenshots@mozilla.org': Reading manifest: Invalid extension permission: mozillaAddons
1590756772964	addons.webextension.screenshots@mozilla.org	WARN	Loading extension 'screenshots@mozilla.org': Reading manifest: Invalid extension permission: telemetry
1590756772964	addons.webextension.screenshots@mozilla.org	WARN	Loading extension 'screenshots@mozilla.org': Reading manifest: Invalid extension permission: resource://pdf.js/
1590756772964	addons.webextension.screenshots@mozilla.org	WARN	Loading extension 'screenshots@mozilla.org': Reading manifest: Invalid extension permission: about:reader*
JavaScript error: resource://gre/modules/XULStore.jsm, line 66: Error: Can't find profile directory.
1590756774889	Marionette	INFO	Listening on port 50481
1590756775040	Marionette	WARN	TLS certificate errors will be ignored for this session
JavaScript warning: https://assets.alicdn.com/g/secdev/sufei_data/3.9.0/index.js, line 1: WebGL context was lost.
JavaScript warning: https://assets.alicdn.com/g/secdev/nsv/1.0.76/ns_e_86_3_n.js, line 2: WebGL context was lost.
JavaScript warning: https://g.alicdn.com/AWSC/WebUMID/1.80.0/um.js, line 1: WebGL context was lost.
JavaScript warning: https://g.alicdn.com/AWSC/WebUMID/1.80.0/um.js, line 1: WebGL context was lost.
JavaScript warning: https://assets.alicdn.com/g/secdev/sufei_data/3.9.0/index.js, line 1: WebGL context was lost.
JavaScript warning: https://assets.alicdn.com/g/secdev/nsv/1.0.78/ns_e_88_3_n.js, line 4: WebGL context was lost.
JavaScript warning: https://g.alicdn.com/AWSC/WebUMID/1.80.0/um.js, line 1: WebGL context was lost.
JavaScript error: https://www.lazada.com/static/js/base.js, line 20: ReferenceError: lozad is not defined
JavaScript warning: https://g.alicdn.com/AWSC/WebUMID/1.80.0/um.js, line 1: WebGL context was lost.
1590756818695	Marionette	INFO	Stopped listening on port 50481

###!!! [Child][RunMessage] Error: Channel closing: too late to send/recv, messages will be lost


###!!! [Child][MessageChannel::SendAndWait] Error: Channel error: cannot send/recv

1590756888727	mozrunner::runner	INFO	Running command: "C:\\Program Files\\Mozilla Firefox\\firefox.exe" "-marionette" "-foreground" "-no-remote" "-profile" "C:\\Users\\noname\\AppData\\Local\\Temp\\rust_mozprofileEQL30z"
1590756888979	addons.webextension.doh-rollout@mozilla.org	WARN	Loading extension 'doh-rollout@mozilla.org': Reading manifest: Invalid extension permission: networkStatus
1590756889265	addons.webextension.screenshots@mozilla.org	WARN	Loading extension 'screenshots@mozilla.org': Reading manifest: Invalid extension permission: mozillaAddons
1590756889265	addons.webextension.screenshots@mozilla.org	WARN	Loading extension 'screenshots@mozilla.org': Reading manifest: Invalid extension permission: telemetry
1590756889265	addons.webextension.screenshots@mozilla.org	WARN	Loading extension 'screenshots@mozilla.org': Reading manifest: Invalid extension permission: resource://pdf.js/
1590756889265	addons.webextension.screenshots@mozilla.org	WARN	Loading extension 'screenshots@mozilla.org': Reading manifest: Invalid extension permission: about:reader*
JavaScript error: resource://gre/modules/XULStore.jsm, line 66: Error: Can't find profile directory.
1590756891230	Marionette	INFO	Listening on port 64051
1590756891333	Marionette	WARN	TLS certificate errors will be ignored for this session
JavaScript warning: https://assets.alicdn.com/g/secdev/sufei_data/3.9.0/index.js, line 1: WebGL context was lost.
JavaScript warning: https://assets.alicdn.com/g/secdev/nsv/1.0.76/ns_e_86_3_n.js, line 2: WebGL context was lost.
JavaScript warning: https://g.alicdn.com/AWSC/WebUMID/1.80.0/um.js, line 1: WebGL context was lost.
JavaScript error: https://www.lazada.com/static/js/base.js, line 20: ReferenceError: lozad is not defined
JavaScript warning: https://g.alicdn.com/AWSC/WebUMID/1.80.0/um.js, line 1: WebGL context was lost.
1590756932533	Marionette	INFO	Stopped listening on port 64051

###!!! [Child][MessageChannel::SendAndWait] Error: Channel error: cannot send/recv

1590756983276	mozrunner::runner	INFO	Running command: "C:\\Program Files\\Mozilla Firefox\\firefox.exe" "-marionette" "-foreground" "-no-remote" "-profile" "C:\\Users\\noname\\AppData\\Local\\Temp\\rust_mozprofileImWCMB"
1590756983528	addons.webextension.doh-rollout@mozilla.org	WARN	Loading extension 'doh-rollout@mozilla.org': Reading manifest: Invalid extension permission: networkStatus
1590756983813	addons.webextension.screenshots@mozilla.org	WARN	Loading extension 'screenshots@mozilla.org': Reading manifest: Invalid extension permission: mozillaAddons
1590756983813	addons.webextension.screenshots@mozilla.org	WARN	Loading extension 'screenshots@mozilla.org': Reading manifest: Invalid extension permission: telemetry
1590756983813	addons.webextension.screenshots@mozilla.org	WARN	Loading extension 'screenshots@mozilla.org': Reading manifest: Invalid extension permission: resource://pdf.js/
1590756983813	addons.webextension.screenshots@mozilla.org	WARN	Loading extension 'screenshots@mozilla.org': Reading manifest: Invalid extension permission: about:reader*
JavaScript error: resource://gre/modules/XULStore.jsm, line 66: Error: Can't find profile directory.
1590756985618	Marionette	INFO	Listening on port 64184
1590756985895	Marionette	WARN	TLS certificate errors will be ignored for this session
JavaScript warning: https://assets.alicdn.com/g/secdev/sufei_data/3.9.0/index.js, line 1: WebGL context was lost.
JavaScript warning: https://assets.alicdn.com/g/secdev/nsv/1.0.76/ns_e_86_3_n.js, line 2: WebGL context was lost.
JavaScript warning: https://g.alicdn.com/AWSC/WebUMID/1.80.0/um.js, line 1: WebGL context was lost.
JavaScript warning: https://assets.alicdn.com/g/secdev/sufei_data/3.9.0/index.js, line 1: WebGL context was lost.
JavaScript warning: https://assets.alicdn.com/g/secdev/nsv/1.0.76/ns_e_86_3_n.js, line 2: WebGL context was lost.
JavaScript warning: https://aeis.alicdn.com/AWSC/WebUMID/1.80.0/um.js, line 1: WebGL context was lost.
JavaScript warning: https://aeis.alicdn.com/AWSC/WebUMID/1.80.0/um.js, line 1: WebGL context was lost.
JavaScript warning: https://assets.alicdn.com/g/secdev/sufei_data/3.9.0/index.js, line 1: WebGL context was lost.
JavaScript warning: https://assets.alicdn.com/g/secdev/nsv/1.0.78/ns_e_88_3_n.js, line 4: WebGL context was lost.
JavaScript warning: https://g.alicdn.com/AWSC/WebUMID/1.80.0/um.js, line 1: WebGL context was lost.
JavaScript warning: https://assets.alicdn.com/g/secdev/sufei_data/3.9.0/index.js, line 1: WebGL context was lost.
JavaScript warning: https://assets.alicdn.com/g/secdev/nsv/1.0.78/ns_e_88_3_n.js, line 4: WebGL context was lost.
JavaScript warning: https://g.alicdn.com/AWSC/WebUMID/1.80.0/um.js, line 1: WebGL context was lost.
JavaScript error: https://www.lazada.com/static/js/base.js, line 20: ReferenceError: lozad is not defined
JavaScript warning: https://g.alicdn.com/AWSC/WebUMID/1.80.0/um.js, line 1: WebGL context was lost.
1590757027251	Marionette	INFO	Stopped listening on port 64184

###!!! [Child][RunMessage] Error: Channel closing: too late to send/recv, messages will be lost


###!!! [Child][MessageChannel::SendAndWait] Error: Channel error: cannot send/recv

1590757041465	mozrunner::runner	INFO	Running command: "C:\\Program Files\\Mozilla Firefox\\firefox.exe" "-marionette" "-foreground" "-no-remote" "-profile" "C:\\Users\\noname\\AppData\\Local\\Temp\\rust_mozprofileM0sPg5"
1590757041710	addons.webextension.doh-rollout@mozilla.org	WARN	Loading extension 'doh-rollout@mozilla.org': Reading manifest: Invalid extension permission: networkStatus
1590757041992	addons.webextension.screenshots@mozilla.org	WARN	Loading extension 'screenshots@mozilla.org': Reading manifest: Invalid extension permission: mozillaAddons
1590757041992	addons.webextension.screenshots@mozilla.org	WARN	Loading extension 'screenshots@mozilla.org': Reading manifest: Invalid extension permission: telemetry
1590757041992	addons.webextension.screenshots@mozilla.org	WARN	Loading extension 'screenshots@mozilla.org': Reading manifest: Invalid extension permission: resource://pdf.js/
1590757041992	addons.webextension.screenshots@mozilla.org	WARN	Loading extension 'screenshots@mozilla.org': Reading manifest: Invalid extension permission: about:reader*
JavaScript error: resource://gre/modules/XULStore.jsm, line 66: Error: Can't find profile directory.
1590757043865	Marionette	INFO	Listening on port 63333
1590757044073	Marionette	WARN	TLS certificate errors will be ignored for this session
JavaScript warning: https://assets.alicdn.com/g/secdev/sufei_data/3.9.0/index.js, line 1: WebGL context was lost.
JavaScript warning: https://assets.alicdn.com/g/secdev/nsv/1.0.78/ns_e_88_3_n.js, line 4: WebGL context was lost.
JavaScript warning: https://g.alicdn.com/AWSC/WebUMID/1.80.0/um.js, line 1: WebGL context was lost.
JavaScript error: https://www.lazada.com/static/js/base.js, line 20: ReferenceError: lozad is not defined
JavaScript warning: https://g.alicdn.com/AWSC/WebUMID/1.80.0/um.js, line 1: WebGL context was lost.
JavaScript warning: https://code.jquery.com/jquery-3.4.1.min.js, line 2: Script terminated by timeout at:
V@https://code.jquery.com/jquery-3.4.1.min.js:2:32085
get@https://code.jquery.com/jquery-3.4.1.min.js:2:32608
trigger@https://code.jquery.com/jquery-3.4.1.min.js:2:70575
simulate@https://code.jquery.com/jquery-3.4.1.min.js:2:71130
i@https://code.jquery.com/jquery-3.4.1.min.js:2:71419

JavaScript warning: https://assets.alicdn.com/g/secdev/sufei_data/3.9.0/index.js, line 1: WebGL context was lost.
JavaScript warning: https://assets.alicdn.com/g/secdev/nsv/1.0.76/ns_e_86_3_n.js, line 2: WebGL context was lost.
JavaScript warning: https://g.alicdn.com/AWSC/WebUMID/1.80.0/um.js, line 1: WebGL context was lost.
JavaScript warning: https://assets.alicdn.com/g/secdev/sufei_data/3.9.0/index.js, line 1: WebGL context was lost.
JavaScript warning: https://assets.alicdn.com/g/secdev/nsv/1.0.76/ns_e_86_3_n.js, line 2: WebGL context was lost.
JavaScript warning: https://aeis.alicdn.com/AWSC/WebUMID/1.80.0/um.js, line 1: WebGL context was lost.
JavaScript warning: https://aeis.alicdn.com/AWSC/WebUMID/1.80.0/um.js, line 1: WebGL context was lost.
JavaScript warning: https://assets.alicdn.com/g/secdev/sufei_data/3.9.0/index.js, line 1: WebGL context was lost.
JavaScript warning: https://assets.alicdn.com/g/secdev/nsv/1.0.78/ns_e_88_3_n.js, line 4: WebGL context was lost.
JavaScript warning: https://g.alicdn.com/AWSC/WebUMID/1.80.0/um.js, line 1: WebGL context was lost.
JavaScript warning: https://assets.alicdn.com/g/secdev/sufei_data/3.9.0/index.js, line 1: WebGL context was lost.
JavaScript warning: https://assets.alicdn.com/g/secdev/nsv/1.0.78/ns_e_88_3_n.js, line 4: WebGL context was lost.
JavaScript warning: https://g.alicdn.com/AWSC/WebUMID/1.80.0/um.js, line 1: WebGL context was lost.
JavaScript warning: https://assets.alicdn.com/g/secdev/sufei_data/3.9.0/index.js, line 1: WebGL context was lost.
JavaScript warning: https://assets.alicdn.com/g/secdev/nsv/1.0.78/ns_e_88_3_n.js, line 4: WebGL context was lost.
JavaScript warning: https://g.alicdn.com/AWSC/WebUMID/1.80.0/um.js, line 1: WebGL context was lost.
JavaScript error: https://www.lazada.com/static/js/base.js, line 20: ReferenceError: lozad is not defined
JavaScript warning: https://g.alicdn.com/AWSC/WebUMID/1.80.0/um.js, line 1: WebGL context was lost.
JavaScript warning: https://assets.alicdn.com/g/secdev/sufei_data/3.9.0/index.js, line 1: WebGL context was lost.
JavaScript warning: https://assets.alicdn.com/g/secdev/nsv/1.0.78/ns_e_88_3_n.js, line 4: WebGL context was lost.
JavaScript warning: https://g.alicdn.com/AWSC/WebUMID/1.80.0/um.js, line 1: WebGL context was lost.
JavaScript warning: https://assets.alicdn.com/g/secdev/sufei_data/3.9.0/index.js, line 1: WebGL context was lost.
JavaScript warning: https://assets.alicdn.com/g/secdev/nsv/1.0.76/ns_e_86_3_n.js, line 2: WebGL context was lost.
JavaScript warning: https://g.alicdn.com/AWSC/WebUMID/1.80.0/um.js, line 1: WebGL context was lost.
JavaScript warning: https://assets.alicdn.com/g/secdev/nsv/1.0.78/ns_e_88_3_n.js, line 4: WebGL context was lost.
JavaScript warning: https://assets.alicdn.com/g/secdev/sufei_data/3.9.0/index.js, line 1: WebGL context was lost.
JavaScript warning: https://g.alicdn.com/AWSC/WebUMID/1.80.0/um.js, line 1: WebGL context was lost.
console.error: "Task cancelled"
JavaScript warning: https://assets.alicdn.com/g/secdev/sufei_data/3.9.0/index.js, line 1: WebGL context was lost.
JavaScript warning: https://assets.alicdn.com/g/secdev/nsv/1.0.78/ns_e_88_3_n.js, line 4: WebGL context was lost.
console.error: "Task cancelled"
JavaScript warning: https://g.alicdn.com/AWSC/WebUMID/1.80.0/um.js, line 1: WebGL context was lost.
JavaScript error: https://www.lazada.com/static/js/base.js, line 20: ReferenceError: lozad is not defined
JavaScript warning: https://g.alicdn.com/AWSC/WebUMID/1.80.0/um.js, line 1: WebGL context was lost.
JavaScript warning: https://g.alicdn.com/AWSC/uab/1.124.5/collina.js, line 9: Script terminated by timeout at:
e/</<@https://g.alicdn.com/AWSC/uab/1.124.5/collina.js:9:14934
e/<@https://g.alicdn.com/AWSC/uab/1.124.5/collina.js:9:14935
e@https://g.alicdn.com/AWSC/uab/1.124.5/collina.js:9:22316

console.error: "Task cancelled"
console.error: "Task cancelled"
JavaScript error: resource://gre/actors/AutoCompleteChild.jsm, line 196: Error: Invalid autocomplete selectedIndex
JavaScript error: resource://gre/actors/AutoCompleteChild.jsm, line 196: Error: Invalid autocomplete selectedIndex
JavaScript error: resource://gre/modules/LoginManagerChild.jsm, line 174: NS_ERROR_XPC_JAVASCRIPT_ERROR_WITH_DETAILS: [JavaScript Error: "Invalid autocomplete selectedIndex" {file: "resource://gre/actors/AutoCompleteChild.jsm" line: 196}]'[JavaScript Error: "Invalid autocomplete selectedIndex" {file: "resource://gre/actors/AutoCompleteChild.jsm" line: 196}]' when calling method: [nsIAutoCompletePopup::selectedIndex]
console.error: services.settings: 
  Message: TypeError: NetworkError when attempting to fetch resource.
console.warn: services.settings: main/hijack-blocklists sync interrupted by shutdown
console.warn: services.settings: main/language-dictionaries sync interrupted by shutdown
console.warn: services.settings: main/anti-tracking-url-decoration sync interrupted by shutdown
console.warn: services.settings: main/tippytop sync interrupted by shutdown
1590757559713	Marionette	INFO	Stopped listening on port 63333

###!!! [Child][MessageChannel::SendAndWait] Error: Channel error: cannot send/recv

1590762904313	mozrunner::runner	INFO	Running command: "C:\\Program Files\\Mozilla Firefox\\firefox.exe" "-marionette" "-foreground" "-no-remote" "-profile" "C:\\Users\\noname\\AppData\\Local\\Temp\\rust_mozprofileeh3m1H"
1590762931417	mozrunner::runner	INFO	Running command: "C:\\Program Files\\Mozilla Firefox\\firefox.exe" "-marionette" "-foreground" "-no-remote" "-profile" "C:\\Users\\noname\\AppData\\Local\\Temp\\rust_mozprofilesnzC07"
1590762958498	mozrunner::runner	INFO	Running command: "C:\\Program Files\\Mozilla Firefox\\firefox.exe" "-marionette" "-foreground" "-no-remote" "-profile" "C:\\Users\\noname\\AppData\\Local\\Temp\\rust_mozprofilesuguI8"
1590762981560	mozrunner::runner	INFO	Running command: "C:\\Program Files\\Mozilla Firefox\\firefox.exe" "-marionette" "-foreground" "-no-remote" "-profile" "C:\\Users\\noname\\AppData\\Local\\Temp\\rust_mozprofilepdTs9c"
1590762981808	addons.webextension.doh-rollout@mozilla.org	WARN	Loading extension 'doh-rollout@mozilla.org': Reading manifest: Invalid extension permission: networkStatus
1590762982077	addons.webextension.screenshots@mozilla.org	WARN	Loading extension 'screenshots@mozilla.org': Reading manifest: Invalid extension permission: mozillaAddons
1590762982078	addons.webextension.screenshots@mozilla.org	WARN	Loading extension 'screenshots@mozilla.org': Reading manifest: Invalid extension permission: telemetry
1590762982078	addons.webextension.screenshots@mozilla.org	WARN	Loading extension 'screenshots@mozilla.org': Reading manifest: Invalid extension permission: resource://pdf.js/
1590762982078	addons.webextension.screenshots@mozilla.org	WARN	Loading extension 'screenshots@mozilla.org': Reading manifest: Invalid extension permission: about:reader*
JavaScript error: resource://gre/modules/XULStore.jsm, line 66: Error: Can't find profile directory.
1590762984021	Marionette	INFO	Listening on port 50402
1590762984168	Marionette	WARN	TLS certificate errors will be ignored for this session
JavaScript warning: https://assets.alicdn.com/g/secdev/sufei_data/3.9.0/index.js, line 1: WebGL context was lost.
JavaScript warning: https://assets.alicdn.com/g/secdev/nsv/1.0.78/ns_e_88_3_n.js, line 4: WebGL context was lost.
JavaScript warning: https://g.alicdn.com/AWSC/WebUMID/1.80.0/um.js, line 1: WebGL context was lost.
JavaScript error: resource://gre/actors/AutoCompleteChild.jsm, line 196: Error: Invalid autocomplete selectedIndex
JavaScript error: resource://gre/actors/AutoCompleteChild.jsm, line 196: Error: Invalid autocomplete selectedIndex
JavaScript error: resource://gre/modules/LoginManagerChild.jsm, line 174: NS_ERROR_XPC_JAVASCRIPT_ERROR_WITH_DETAILS: [JavaScript Error: "Invalid autocomplete selectedIndex" {file: "resource://gre/actors/AutoCompleteChild.jsm" line: 196}]'[JavaScript Error: "Invalid autocomplete selectedIndex" {file: "resource://gre/actors/AutoCompleteChild.jsm" line: 196}]' when calling method: [nsIAutoCompletePopup::selectedIndex]
1590763021907	Marionette	INFO	Stopped listening on port 50402

###!!! [Child][MessageChannel::SendAndWait] Error: Channel error: cannot send/recv

1590805806381	mozrunner::runner	INFO	Running command: "C:\\Program Files\\Mozilla Firefox\\firefox.exe" "-marionette" "-foreground" "-no-remote" "-profile" "C:\\Users\\noname\\AppData\\Local\\Temp\\rust_mozprofileq2IJec"
1590805806645	addons.webextension.doh-rollout@mozilla.org	WARN	Loading extension 'doh-rollout@mozilla.org': Reading manifest: Invalid extension permission: networkStatus
1590805807026	addons.webextension.screenshots@mozilla.org	WARN	Loading extension 'screenshots@mozilla.org': Reading manifest: Invalid extension permission: mozillaAddons
1590805807026	addons.webextension.screenshots@mozilla.org	WARN	Loading extension 'screenshots@mozilla.org': Reading manifest: Invalid extension permission: telemetry
1590805807026	addons.webextension.screenshots@mozilla.org	WARN	Loading extension 'screenshots@mozilla.org': Reading manifest: Invalid extension permission: resource://pdf.js/
1590805807026	addons.webextension.screenshots@mozilla.org	WARN	Loading extension 'screenshots@mozilla.org': Reading manifest: Invalid extension permission: about:reader*
JavaScript error: resource://gre/modules/XULStore.jsm, line 66: Error: Can't find profile directory.
1590805808914	Marionette	INFO	Listening on port 53165
1590805808989	Marionette	WARN	TLS certificate errors will be ignored for this session
JavaScript warning: https://assets.alicdn.com/g/secdev/sufei_data/3.9.0/index.js, line 1: WebGL context was lost.
JavaScript warning: https://assets.alicdn.com/g/secdev/nsv/1.0.76/ns_e_86_3_n.js, line 2: WebGL context was lost.
JavaScript warning: https://g.alicdn.com/AWSC/WebUMID/1.80.0/um.js, line 1: WebGL context was lost.
JavaScript warning: https://assets.alicdn.com/g/secdev/sufei_data/3.9.0/index.js, line 1: WebGL context was lost.
JavaScript warning: https://assets.alicdn.com/g/secdev/nsv/1.0.78/ns_e_88_3_n.js, line 4: WebGL context was lost.
JavaScript warning: https://assets.alicdn.com/g/secdev/sufei_data/3.9.0/index.js, line 1: WebGL context was lost.
JavaScript warning: https://assets.alicdn.com/g/secdev/nsv/1.0.78/ns_e_88_3_n.js, line 4: WebGL context was lost.
JavaScript warning: https://aeis.alicdn.com/AWSC/WebUMID/1.80.0/um.js, line 1: WebGL context was lost.
JavaScript warning: https://aeis.alicdn.com/AWSC/WebUMID/1.80.0/um.js, line 1: WebGL context was lost.
JavaScript error: , line 0: TypeError: NetworkError when attempting to fetch resource.
JavaScript warning: https://assets.alicdn.com/g/secdev/sufei_data/3.9.0/index.js, line 1: WebGL context was lost.
JavaScript warning: https://assets.alicdn.com/g/secdev/nsv/1.0.76/ns_e_86_3_n.js, line 2: WebGL context was lost.
JavaScript error: https://www.lazada.vn/glorystar-official-store/?from=wangpu&langFlag=vi&page=2&pageTypeId=2&q=All-Products, line 1: ReferenceError: loadLocalCSS is not defined
JavaScript error: https://www.lazada.vn/glorystar-official-store/?from=wangpu&langFlag=vi&page=2&pageTypeId=2&q=All-Products, line 1: ReferenceError: loadLocalCSS is not defined
JavaScript error: resource:///modules/FaviconLoader.jsm, line 568: InvalidStateError: An attempt was made to use an object that is not, or is no longer, usable
JavaScript error: https://www.lazada.com/static/js/base.js, line 20: ReferenceError: lozad is not defined
JavaScript warning: https://g.alicdn.com/AWSC/WebUMID/1.80.0/um.js, line 1: WebGL context was lost.
JavaScript warning: https://assets.alicdn.com/g/secdev/sufei_data/3.9.0/index.js, line 1: WebGL context was lost.
JavaScript warning: https://assets.alicdn.com/g/secdev/nsv/1.0.76/ns_e_86_3_n.js, line 2: WebGL context was lost.
JavaScript warning: https://assets.alicdn.com/g/secdev/sufei_data/3.9.0/index.js, line 1: WebGL context was lost.
JavaScript warning: https://assets.alicdn.com/g/secdev/nsv/1.0.78/ns_e_88_3_n.js, line 4: WebGL context was lost.
JavaScript warning: https://aeis.alicdn.com/AWSC/WebUMID/1.80.0/um.js, line 1: WebGL context was lost.
JavaScript warning: https://aeis.alicdn.com/AWSC/WebUMID/1.80.0/um.js, line 1: WebGL context was lost.
1590805936017	Marionette	INFO	Stopped listening on port 53165

###!!! [Child][RunMessage] Error: Channel closing: too late to send/recv, messages will be lost


###!!! [Child][MessageChannel::SendAndWait] Error: Channel error: cannot send/recv

1590805945765	mozrunner::runner	INFO	Running command: "C:\\Program Files\\Mozilla Firefox\\firefox.exe" "-marionette" "-foreground" "-no-remote" "-profile" "C:\\Users\\noname\\AppData\\Local\\Temp\\rust_mozprofileBCeUDI"
1590805946043	addons.webextension.doh-rollout@mozilla.org	WARN	Loading extension 'doh-rollout@mozilla.org': Reading manifest: Invalid extension permission: networkStatus
1590805946432	addons.webextension.screenshots@mozilla.org	WARN	Loading extension 'screenshots@mozilla.org': Reading manifest: Invalid extension permission: mozillaAddons
1590805946432	addons.webextension.screenshots@mozilla.org	WARN	Loading extension 'screenshots@mozilla.org': Reading manifest: Invalid extension permission: telemetry
1590805946432	addons.webextension.screenshots@mozilla.org	WARN	Loading extension 'screenshots@mozilla.org': Reading manifest: Invalid extension permission: resource://pdf.js/
1590805946432	addons.webextension.screenshots@mozilla.org	WARN	Loading extension 'screenshots@mozilla.org': Reading manifest: Invalid extension permission: about:reader*
JavaScript error: resource://gre/modules/XULStore.jsm, line 66: Error: Can't find profile directory.
1590805948443	Marionette	INFO	Listening on port 52338
1590805948874	Marionette	WARN	TLS certificate errors will be ignored for this session
JavaScript warning: https://assets.alicdn.com/g/secdev/sufei_data/3.9.0/index.js, line 1: WebGL context was lost.
JavaScript warning: https://assets.alicdn.com/g/secdev/nsv/1.0.76/ns_e_86_3_n.js, line 2: WebGL context was lost.
JavaScript warning: https://g.alicdn.com/AWSC/WebUMID/1.80.0/um.js, line 1: WebGL context was lost.
JavaScript warning: https://g.alicdn.com/AWSC/WebUMID/1.80.0/um.js, line 1: WebGL context was lost.
JavaScript warning: https://assets.alicdn.com/g/secdev/sufei_data/3.9.0/index.js, line 1: WebGL context was lost.
JavaScript warning: https://assets.alicdn.com/g/secdev/nsv/1.0.76/ns_e_86_3_n.js, line 2: WebGL context was lost.
JavaScript warning: https://g.alicdn.com/AWSC/WebUMID/1.80.0/um.js, line 1: WebGL context was lost.
JavaScript warning: https://assets.alicdn.com/g/secdev/sufei_data/3.9.0/index.js, line 1: WebGL context was lost.
JavaScript warning: https://assets.alicdn.com/g/secdev/nsv/1.0.76/ns_e_86_3_n.js, line 2: WebGL context was lost.
JavaScript warning: https://assets.alicdn.com/g/secdev/sufei_data/3.9.0/index.js, line 1: WebGL context was lost.
JavaScript warning: https://assets.alicdn.com/g/secdev/nsv/1.0.76/ns_e_86_3_n.js, line 2: WebGL context was lost.
JavaScript warning: https://aeis.alicdn.com/AWSC/WebUMID/1.80.0/um.js, line 1: WebGL context was lost.
JavaScript warning: https://aeis.alicdn.com/AWSC/WebUMID/1.80.0/um.js, line 1: WebGL context was lost.
1590805991540	Marionette	INFO	Stopped listening on port 52338

###!!! [Child][MessageChannel::SendAndWait] Error: Channel error: cannot send/recv

1590806103661	mozrunner::runner	INFO	Running command: "C:\\Program Files\\Mozilla Firefox\\firefox.exe" "-marionette" "-foreground" "-no-remote" "-profile" "C:\\Users\\noname\\AppData\\Local\\Temp\\rust_mozprofileiJqPfZ"
1590806103928	addons.webextension.doh-rollout@mozilla.org	WARN	Loading extension 'doh-rollout@mozilla.org': Reading manifest: Invalid extension permission: networkStatus
1590806104322	addons.webextension.screenshots@mozilla.org	WARN	Loading extension 'screenshots@mozilla.org': Reading manifest: Invalid extension permission: mozillaAddons
1590806104322	addons.webextension.screenshots@mozilla.org	WARN	Loading extension 'screenshots@mozilla.org': Reading manifest: Invalid extension permission: telemetry
1590806104322	addons.webextension.screenshots@mozilla.org	WARN	Loading extension 'screenshots@mozilla.org': Reading manifest: Invalid extension permission: resource://pdf.js/
1590806104322	addons.webextension.screenshots@mozilla.org	WARN	Loading extension 'screenshots@mozilla.org': Reading manifest: Invalid extension permission: about:reader*
JavaScript error: resource://gre/modules/XULStore.jsm, line 66: Error: Can't find profile directory.
1590806106174	Marionette	INFO	Listening on port 52513
1590806106270	Marionette	WARN	TLS certificate errors will be ignored for this session
JavaScript warning: https://assets.alicdn.com/g/secdev/sufei_data/3.9.0/index.js, line 1: WebGL context was lost.
JavaScript warning: https://assets.alicdn.com/g/secdev/nsv/1.0.76/ns_e_86_3_n.js, line 2: WebGL context was lost.
JavaScript warning: https://g.alicdn.com/AWSC/WebUMID/1.80.0/um.js, line 1: WebGL context was lost.
JavaScript warning: https://g.alicdn.com/AWSC/WebUMID/1.80.0/um.js, line 1: WebGL context was lost.
1590806150689	mozrunner::runner	INFO	Running command: "C:\\Program Files\\Mozilla Firefox\\firefox.exe" "-marionette" "-foreground" "-no-remote" "-profile" "C:\\Users\\noname\\AppData\\Local\\Temp\\rust_mozprofile7oGu1l"
1590806150962	addons.webextension.doh-rollout@mozilla.org	WARN	Loading extension 'doh-rollout@mozilla.org': Reading manifest: Invalid extension permission: networkStatus
1590806151359	addons.webextension.screenshots@mozilla.org	WARN	Loading extension 'screenshots@mozilla.org': Reading manifest: Invalid extension permission: mozillaAddons
1590806151360	addons.webextension.screenshots@mozilla.org	WARN	Loading extension 'screenshots@mozilla.org': Reading manifest: Invalid extension permission: telemetry
1590806151360	addons.webextension.screenshots@mozilla.org	WARN	Loading extension 'screenshots@mozilla.org': Reading manifest: Invalid extension permission: resource://pdf.js/
1590806151360	addons.webextension.screenshots@mozilla.org	WARN	Loading extension 'screenshots@mozilla.org': Reading manifest: Invalid extension permission: about:reader*
JavaScript error: resource://gre/modules/XULStore.jsm, line 66: Error: Can't find profile directory.
1590806153207	Marionette	INFO	Listening on port 52622
1590806153302	Marionette	WARN	TLS certificate errors will be ignored for this session
1590806195753	Marionette	INFO	Stopped listening on port 52622

###!!! [Child][MessageChannel::SendAndWait] Error: Channel error: cannot send/recv

1590806202981	mozrunner::runner	INFO	Running command: "C:\\Program Files\\Mozilla Firefox\\firefox.exe" "-marionette" "-foreground" "-no-remote" "-profile" "C:\\Users\\noname\\AppData\\Local\\Temp\\rust_mozprofilewXdHKP"
1590806203244	addons.webextension.doh-rollout@mozilla.org	WARN	Loading extension 'doh-rollout@mozilla.org': Reading manifest: Invalid extension permission: networkStatus
1590806203617	addons.webextension.screenshots@mozilla.org	WARN	Loading extension 'screenshots@mozilla.org': Reading manifest: Invalid extension permission: mozillaAddons
1590806203617	addons.webextension.screenshots@mozilla.org	WARN	Loading extension 'screenshots@mozilla.org': Reading manifest: Invalid extension permission: telemetry
1590806203617	addons.webextension.screenshots@mozilla.org	WARN	Loading extension 'screenshots@mozilla.org': Reading manifest: Invalid extension permission: resource://pdf.js/
1590806203617	addons.webextension.screenshots@mozilla.org	WARN	Loading extension 'screenshots@mozilla.org': Reading manifest: Invalid extension permission: about:reader*
JavaScript error: resource://gre/modules/XULStore.jsm, line 66: Error: Can't find profile directory.
1590806205543	Marionette	INFO	Listening on port 52763
1590806205589	Marionette	WARN	TLS certificate errors will be ignored for this session
JavaScript error: , line 0: TypeError: NetworkError when attempting to fetch resource.
JavaScript warning: https://g.alicdn.com/AWSC/WebUMID/1.80.0/um.js, line 1: WebGL context was lost.
1590806459380	mozrunner::runner	INFO	Running command: "C:\\Program Files\\Mozilla Firefox\\firefox.exe" "-marionette" "-foreground" "-no-remote" "-profile" "C:\\Users\\noname\\AppData\\Local\\Temp\\rust_mozprofile3jUkXn"
1590806459665	addons.webextension.doh-rollout@mozilla.org	WARN	Loading extension 'doh-rollout@mozilla.org': Reading manifest: Invalid extension permission: networkStatus
1590806460076	addons.webextension.screenshots@mozilla.org	WARN	Loading extension 'screenshots@mozilla.org': Reading manifest: Invalid extension permission: mozillaAddons
1590806460077	addons.webextension.screenshots@mozilla.org	WARN	Loading extension 'screenshots@mozilla.org': Reading manifest: Invalid extension permission: telemetry
1590806460077	addons.webextension.screenshots@mozilla.org	WARN	Loading extension 'screenshots@mozilla.org': Reading manifest: Invalid extension permission: resource://pdf.js/
1590806460077	addons.webextension.screenshots@mozilla.org	WARN	Loading extension 'screenshots@mozilla.org': Reading manifest: Invalid extension permission: about:reader*
JavaScript error: resource://gre/modules/XULStore.jsm, line 66: Error: Can't find profile directory.
1590806461989	Marionette	INFO	Listening on port 53054
1590806462488	Marionette	WARN	TLS certificate errors will be ignored for this session
JavaScript warning: https://assets.alicdn.com/g/secdev/sufei_data/3.9.0/index.js, line 1: WebGL context was lost.
JavaScript warning: https://assets.alicdn.com/g/secdev/nsv/1.0.76/ns_e_86_3_n.js, line 2: WebGL context was lost.
JavaScript warning: https://g.alicdn.com/AWSC/WebUMID/1.80.0/um.js, line 1: WebGL context was lost.
1590806503487	Marionette	INFO	Stopped listening on port 53054

###!!! [Child][RunMessage] Error: Channel closing: too late to send/recv, messages will be lost


###!!! [Child][MessageChannel::SendAndWait] Error: Channel error: cannot send/recv

